2002.05.10 09:23 B I:\Development\Kapsul3d\UML\CCamera.emf <-- Home /C-Drive/Development/Game Dev System/UML CCamera.emf
2002.05.10 09:23 B I:\Development\Kapsul3d\UML\CCamera.uml <-- Home /C-Drive/Development/Game Dev System/UML CCamera.uml
2002.05.10 09:23 B I:\Development\Kapsul3d\UML\CConfig.emf <-- Home /C-Drive/Development/Game Dev System/UML CConfig.emf
2002.05.10 09:23 B I:\Development\Kapsul3d\UML\CConfig.uml <-- Home /C-Drive/Development/Game Dev System/UML CConfig.uml
2002.05.10 09:23 B I:\Development\Kapsul3d\UML\CDLLInterface.emf <-- Home /C-Drive/Development/Game Dev System/UML CDLLInterface.emf
2002.05.10 09:23 B I:\Development\Kapsul3d\UML\CDLLInterface.uml <-- Home /C-Drive/Development/Game Dev System/UML CDLLInterface.uml
2002.05.10 09:23 B I:\Development\Kapsul3d\UML\CHardwareStream.emf <-- Home /C-Drive/Development/Game Dev System/UML CHardwareStream.emf
2002.05.10 09:23 B I:\Development\Kapsul3d\UML\CHardwareStream.uml <-- Home /C-Drive/Development/Game Dev System/UML CHardwareStream.uml
2002.05.10 09:23 B I:\Development\Kapsul3d\UML\CKapsulApp.emf <-- Home /C-Drive/Development/Game Dev System/UML CKapsulApp.emf
2002.05.10 09:23 B I:\Development\Kapsul3d\UML\CKapsulApp.uml <-- Home /C-Drive/Development/Game Dev System/UML CKapsulApp.uml
2002.05.10 09:24 B I:\Development\Kapsul3d\UML\CLight.emf <-- Home /C-Drive/Development/Game Dev System/UML CLight.emf
2002.05.10 09:24 B I:\Development\Kapsul3d\UML\CLight.uml <-- Home /C-Drive/Development/Game Dev System/UML CLight.uml
2002.05.10 09:24 B I:\Development\Kapsul3d\UML\CMatrix3.emf <-- Home /C-Drive/Development/Game Dev System/UML CMatrix3.emf
2002.05.10 09:24 B I:\Development\Kapsul3d\UML\CMatrix3.uml <-- Home /C-Drive/Development/Game Dev System/UML CMatrix3.uml
2002.05.10 09:24 B I:\Development\Kapsul3d\UML\CMatrix4.emf <-- Home /C-Drive/Development/Game Dev System/UML CMatrix4.emf
2002.05.10 09:24 B I:\Development\Kapsul3d\UML\CMatrix4.uml <-- Home /C-Drive/Development/Game Dev System/UML CMatrix4.uml
2002.05.10 09:24 B I:\Development\Kapsul3d\UML\CMesh.emf <-- Home /C-Drive/Development/Game Dev System/UML CMesh.emf
2002.05.10 09:24 B I:\Development\Kapsul3d\UML\CMesh.uml <-- Home /C-Drive/Development/Game Dev System/UML CMesh.uml
2002.05.10 09:24 B I:\Development\Kapsul3d\UML\CObject.emf <-- Home /C-Drive/Development/Game Dev System/UML CObject.emf
2002.05.10 09:24 B I:\Development\Kapsul3d\UML\CObject.uml <-- Home /C-Drive/Development/Game Dev System/UML CObject.uml
2002.05.10 09:24 B I:\Development\Kapsul3d\UML\CRender.emf <-- Home /C-Drive/Development/Game Dev System/UML CRender.emf
2002.05.10 09:24 B I:\Development\Kapsul3d\UML\CRender.uml <-- Home /C-Drive/Development/Game Dev System/UML CRender.uml
2002.05.10 09:24 B I:\Development\Kapsul3d\UML\CResourceManager.emf <-- Home /C-Drive/Development/Game Dev System/UML CResourceManager.emf
2002.05.10 09:24 B I:\Development\Kapsul3d\UML\CResourceManager.uml <-- Home /C-Drive/Development/Game Dev System/UML CResourceManager.uml
2002.05.10 09:24 B I:\Development\Kapsul3d\UML\CTexture.emf <-- Home /C-Drive/Development/Game Dev System/UML CTexture.emf
2002.05.10 09:24 B I:\Development\Kapsul3d\UML\CTexture.uml <-- Home /C-Drive/Development/Game Dev System/UML CTexture.uml
2002.05.10 09:24 B I:\Development\Kapsul3d\UML\CVector3.emf <-- Home /C-Drive/Development/Game Dev System/UML CVector3.emf
2002.05.10 09:24 B I:\Development\Kapsul3d\UML\CVector3.uml <-- Home /C-Drive/Development/Game Dev System/UML CVector3.uml
2002.05.10 09:24 B I:\Development\Kapsul3d\UML\CVector4.emf <-- Home /C-Drive/Development/Game Dev System/UML CVector4.emf
2002.05.10 09:24 B I:\Development\Kapsul3d\UML\CVector4.uml <-- Home /C-Drive/Development/Game Dev System/UML CVector4.uml
