2003.03.12 17:50 B D:\KapsulCVS\Doc\KapsulRM\SDK\Messages\finalcss.css --> ftp.kapsul-design.com /Doc/html/KapsulRM/SDK/Messages finalcss.css
2003.03.12 17:50 B D:\KapsulCVS\Doc\KapsulRM\SDK\Messages\index.html --> ftp.kapsul-design.com /Doc/html/KapsulRM/SDK/Messages index.html
2003.03.12 17:50 B D:\KapsulCVS\Doc\KapsulRM\SDK\Messages\KM_CLOSE.html --> ftp.kapsul-design.com /Doc/html/KapsulRM/SDK/Messages KM_CLOSE.html
2003.03.12 17:50 B D:\KapsulCVS\Doc\KapsulRM\SDK\Messages\KM_DRAW.html --> ftp.kapsul-design.com /Doc/html/KapsulRM/SDK/Messages KM_DRAW.html
2003.03.12 17:50 B D:\KapsulCVS\Doc\KapsulRM\SDK\Messages\KM_GETBITMAP.html --> ftp.kapsul-design.com /Doc/html/KapsulRM/SDK/Messages KM_GETBITMAP.html
2003.03.12 17:50 B D:\KapsulCVS\Doc\KapsulRM\SDK\Messages\KM_GETFILEDESC.html --> ftp.kapsul-design.com /Doc/html/KapsulRM/SDK/Messages KM_GETFILEDESC.html
2003.03.12 17:51 B D:\KapsulCVS\Doc\KapsulRM\SDK\Messages\KM_GETFILTER.html --> ftp.kapsul-design.com /Doc/html/KapsulRM/SDK/Messages KM_GETFILTER.html
2003.03.12 17:51 B D:\KapsulCVS\Doc\KapsulRM\SDK\Messages\KM_GETINFOS.html --> ftp.kapsul-design.com /Doc/html/KapsulRM/SDK/Messages KM_GETINFOS.html
2003.03.12 17:51 B D:\KapsulCVS\Doc\KapsulRM\SDK\Messages\KM_GETNAME.html --> ftp.kapsul-design.com /Doc/html/KapsulRM/SDK/Messages KM_GETNAME.html
2003.03.12 17:51 B D:\KapsulCVS\Doc\KapsulRM\SDK\Messages\KM_GETREADSUPPORT.html --> ftp.kapsul-design.com /Doc/html/KapsulRM/SDK/Messages KM_GETREADSUPPORT.html
2003.03.12 17:51 B D:\KapsulCVS\Doc\KapsulRM\SDK\Messages\KM_GETSECONDARYTYPE.html --> ftp.kapsul-design.com /Doc/html/KapsulRM/SDK/Messages KM_GETSECONDARYTYPE.html
2003.03.12 17:51 B D:\KapsulCVS\Doc\KapsulRM\SDK\Messages\KM_GETTYPE.html --> ftp.kapsul-design.com /Doc/html/KapsulRM/SDK/Messages KM_GETTYPE.html
2003.03.12 17:51 B D:\KapsulCVS\Doc\KapsulRM\SDK\Messages\KM_GETWRITESUPPORT.html --> ftp.kapsul-design.com /Doc/html/KapsulRM/SDK/Messages KM_GETWRITESUPPORT.html
2003.03.12 17:51 B D:\KapsulCVS\Doc\KapsulRM\SDK\Messages\KM_ISCREATING.html --> ftp.kapsul-design.com /Doc/html/KapsulRM/SDK/Messages KM_ISCREATING.html
2003.03.12 17:51 B D:\KapsulCVS\Doc\KapsulRM\SDK\Messages\KM_ISPROPERTY.html --> ftp.kapsul-design.com /Doc/html/KapsulRM/SDK/Messages KM_ISPROPERTY.html
2003.03.12 17:51 B D:\KapsulCVS\Doc\KapsulRM\SDK\Messages\KM_KEYDOWN.html --> ftp.kapsul-design.com /Doc/html/KapsulRM/SDK/Messages KM_KEYDOWN.html
2003.03.12 17:51 B D:\KapsulCVS\Doc\KapsulRM\SDK\Messages\KM_KEYUP.html --> ftp.kapsul-design.com /Doc/html/KapsulRM/SDK/Messages KM_KEYUP.html
2003.03.12 17:51 B D:\KapsulCVS\Doc\KapsulRM\SDK\Messages\KM_LMOUSEDOWN.html --> ftp.kapsul-design.com /Doc/html/KapsulRM/SDK/Messages KM_LMOUSEDOWN.html
2003.03.12 17:51 B D:\KapsulCVS\Doc\KapsulRM\SDK\Messages\KM_LMOUSEUP.html --> ftp.kapsul-design.com /Doc/html/KapsulRM/SDK/Messages KM_LMOUSEUP.html
2003.03.12 17:51 B D:\KapsulCVS\Doc\KapsulRM\SDK\Messages\KM_MOUSEMOVE.html --> ftp.kapsul-design.com /Doc/html/KapsulRM/SDK/Messages KM_MOUSEMOVE.html
2003.03.12 17:51 B D:\KapsulCVS\Doc\KapsulRM\SDK\Messages\KM_MOVEWINDOW.html --> ftp.kapsul-design.com /Doc/html/KapsulRM/SDK/Messages KM_MOVEWINDOW.html
2003.03.12 17:51 B D:\KapsulCVS\Doc\KapsulRM\SDK\Messages\KM_OPEN.html --> ftp.kapsul-design.com /Doc/html/KapsulRM/SDK/Messages KM_OPEN.html
2003.03.12 17:51 B D:\KapsulCVS\Doc\KapsulRM\SDK\Messages\KM_READFILE.html --> ftp.kapsul-design.com /Doc/html/KapsulRM/SDK/Messages KM_READFILE.html
2003.03.12 17:51 B D:\KapsulCVS\Doc\KapsulRM\SDK\Messages\KM_RMOUSEDOWN.html --> ftp.kapsul-design.com /Doc/html/KapsulRM/SDK/Messages KM_RMOUSEDOWN.html
2003.03.12 17:51 B D:\KapsulCVS\Doc\KapsulRM\SDK\Messages\KM_RMOUSEUP.html --> ftp.kapsul-design.com /Doc/html/KapsulRM/SDK/Messages KM_RMOUSEUP.html
2003.03.12 17:51 B D:\KapsulCVS\Doc\KapsulRM\SDK\Messages\KM_SAVEDESK.html --> ftp.kapsul-design.com /Doc/html/KapsulRM/SDK/Messages KM_SAVEDESK.html
2003.03.12 17:51 B D:\KapsulCVS\Doc\KapsulRM\SDK\Messages\KM_SETDESK.html --> ftp.kapsul-design.com /Doc/html/KapsulRM/SDK/Messages KM_SETDESK.html
2003.03.12 17:51 B D:\KapsulCVS\Doc\KapsulRM\SDK\Messages\KM_SETOBJECT.html --> ftp.kapsul-design.com /Doc/html/KapsulRM/SDK/Messages KM_SETOBJECT.html
2003.03.12 17:51 B D:\KapsulCVS\Doc\KapsulRM\SDK\Messages\KM_SETVIEW.html --> ftp.kapsul-design.com /Doc/html/KapsulRM/SDK/Messages KM_SETVIEW.html
2003.03.12 17:51 B D:\KapsulCVS\Doc\KapsulRM\SDK\Messages\KM_WRITEFILE.html --> ftp.kapsul-design.com /Doc/html/KapsulRM/SDK/Messages KM_WRITEFILE.html
2003.03.12 17:51 B D:\KapsulCVS\Doc\KapsulRM\SDK\Messages\menu.html --> ftp.kapsul-design.com /Doc/html/KapsulRM/SDK/Messages menu.html
2003.03.12 17:51 B D:\KapsulCVS\Doc\KapsulRM\SDK\Messages\Menuav.html --> ftp.kapsul-design.com /Doc/html/KapsulRM/SDK/Messages Menuav.html
2003.03.12 17:51 B D:\KapsulCVS\Doc\KapsulRM\SDK\Messages\Messages.html --> ftp.kapsul-design.com /Doc/html/KapsulRM/SDK/Messages Messages.html
