2003.03.12 18:01 B D:\KapsulCVS\Doc\UserDoc\ViewManip\CamMoveStrafeFore.jpg --> ftp.kapsul-design.com /Doc/html/UserDoc/ViewManip CamMoveStrafeFore.jpg
2003.03.12 18:01 B D:\KapsulCVS\Doc\UserDoc\ViewManip\CamMoveStrafeUp.jpg --> ftp.kapsul-design.com /Doc/html/UserDoc/ViewManip CamMoveStrafeUp.jpg
2003.03.12 18:04 B D:\KapsulCVS\Doc\UserDoc\ViewManip\CamRotateAroundSource.jpg --> ftp.kapsul-design.com /Doc/html/UserDoc/ViewManip CamRotateAroundSource.jpg
2003.03.12 18:04 B D:\KapsulCVS\Doc\UserDoc\ViewManip\CamRotateAroundTarget.jpg --> ftp.kapsul-design.com /Doc/html/UserDoc/ViewManip CamRotateAroundTarget.jpg
2003.03.12 18:04 B D:\KapsulCVS\Doc\UserDoc\ViewManip\CenterStep1.jpg --> ftp.kapsul-design.com /Doc/html/UserDoc/ViewManip CenterStep1.jpg
2003.03.12 18:04 B D:\KapsulCVS\Doc\UserDoc\ViewManip\CenterStep2.jpg --> ftp.kapsul-design.com /Doc/html/UserDoc/ViewManip CenterStep2.jpg
2003.03.12 18:04 B D:\KapsulCVS\Doc\UserDoc\ViewManip\CenterStep3.jpg --> ftp.kapsul-design.com /Doc/html/UserDoc/ViewManip CenterStep3.jpg
2003.03.12 18:04 B D:\KapsulCVS\Doc\UserDoc\ViewManip\FullScreen.gif --> ftp.kapsul-design.com /Doc/html/UserDoc/ViewManip FullScreen.gif
2003.03.12 18:04 B D:\KapsulCVS\Doc\UserDoc\ViewManip\HookMenu.gif --> ftp.kapsul-design.com /Doc/html/UserDoc/ViewManip HookMenu.gif
2003.03.12 18:04 B D:\KapsulCVS\Doc\UserDoc\ViewManip\IconCenterView.gif --> ftp.kapsul-design.com /Doc/html/UserDoc/ViewManip IconCenterView.gif
2003.03.12 18:04 B D:\KapsulCVS\Doc\UserDoc\ViewManip\IconCenterViews.gif --> ftp.kapsul-design.com /Doc/html/UserDoc/ViewManip IconCenterViews.gif
2003.03.12 18:04 B D:\KapsulCVS\Doc\UserDoc\ViewManip\IconRegionZoom.gif --> ftp.kapsul-design.com /Doc/html/UserDoc/ViewManip IconRegionZoom.gif
2003.03.12 18:04 B D:\KapsulCVS\Doc\UserDoc\ViewManip\IconZoom.gif --> ftp.kapsul-design.com /Doc/html/UserDoc/ViewManip IconZoom.gif
2003.03.12 18:04 B D:\KapsulCVS\Doc\UserDoc\ViewManip\Index.html --> ftp.kapsul-design.com /Doc/html/UserDoc/ViewManip Index.html
2003.03.12 18:05 B D:\KapsulCVS\Doc\UserDoc\ViewManip\PanView1.jpg --> ftp.kapsul-design.com /Doc/html/UserDoc/ViewManip PanView1.jpg
2003.03.12 18:05 B D:\KapsulCVS\Doc\UserDoc\ViewManip\PanView2.jpg --> ftp.kapsul-design.com /Doc/html/UserDoc/ViewManip PanView2.jpg
2003.03.12 18:05 B D:\KapsulCVS\Doc\UserDoc\ViewManip\RotateOrtho.jpg --> ftp.kapsul-design.com /Doc/html/UserDoc/ViewManip RotateOrtho.jpg
2003.03.12 18:05 B D:\KapsulCVS\Doc\UserDoc\ViewManip\RotateView.gif --> ftp.kapsul-design.com /Doc/html/UserDoc/ViewManip RotateView.gif
2003.03.12 18:05 B D:\KapsulCVS\Doc\UserDoc\ViewManip\ViewUndoRedo.gif --> ftp.kapsul-design.com /Doc/html/UserDoc/ViewManip ViewUndoRedo.gif
2003.03.12 18:05 B D:\KapsulCVS\Doc\UserDoc\ViewManip\WS_FTP.LOG --> ftp.kapsul-design.com /Doc/html/UserDoc/ViewManip WS_FTP.LOG
2003.03.12 18:05 B D:\KapsulCVS\Doc\UserDoc\ViewManip\ZoomIn.jpg --> ftp.kapsul-design.com /Doc/html/UserDoc/ViewManip ZoomIn.jpg
2003.03.12 18:05 B D:\KapsulCVS\Doc\UserDoc\ViewManip\ZoomOut.jpg --> ftp.kapsul-design.com /Doc/html/UserDoc/ViewManip ZoomOut.jpg
2003.03.12 18:06 B D:\KapsulCVS\Doc\UserDoc\ViewManip\ZoomRegion1.jpg --> ftp.kapsul-design.com /Doc/html/UserDoc/ViewManip ZoomRegion1.jpg
2003.03.12 18:06 B D:\KapsulCVS\Doc\UserDoc\ViewManip\ZoomRegion2.jpg --> ftp.kapsul-design.com /Doc/html/UserDoc/ViewManip ZoomRegion2.jpg
