2003.03.12 17:53 B D:\KapsulCVS\Doc\TechDoc\Plugins\Messages\finalcss.css --> ftp.kapsul-design.com /Doc/html/TechDoc/Plugins/Messages finalcss.css
2003.03.12 17:53 B D:\KapsulCVS\Doc\TechDoc\Plugins\Messages\Index.html --> ftp.kapsul-design.com /Doc/html/TechDoc/Plugins/Messages Index.html
2003.03.12 17:53 B D:\KapsulCVS\Doc\TechDoc\Plugins\Messages\KM_CLOSE.html --> ftp.kapsul-design.com /Doc/html/TechDoc/Plugins/Messages KM_CLOSE.html
2003.03.12 17:53 B D:\KapsulCVS\Doc\TechDoc\Plugins\Messages\KM_DRAW.html --> ftp.kapsul-design.com /Doc/html/TechDoc/Plugins/Messages KM_DRAW.html
2003.03.12 17:53 B D:\KapsulCVS\Doc\TechDoc\Plugins\Messages\KM_GETBITMAP.html --> ftp.kapsul-design.com /Doc/html/TechDoc/Plugins/Messages KM_GETBITMAP.html
2003.03.12 17:53 B D:\KapsulCVS\Doc\TechDoc\Plugins\Messages\KM_GETFILEDESC.html --> ftp.kapsul-design.com /Doc/html/TechDoc/Plugins/Messages KM_GETFILEDESC.html
2003.03.12 17:54 B D:\KapsulCVS\Doc\TechDoc\Plugins\Messages\KM_GETFILTER.html --> ftp.kapsul-design.com /Doc/html/TechDoc/Plugins/Messages KM_GETFILTER.html
2003.03.12 17:55 B D:\KapsulCVS\Doc\TechDoc\Plugins\Messages\KM_GETINFOS.html --> ftp.kapsul-design.com /Doc/html/TechDoc/Plugins/Messages KM_GETINFOS.html
2003.03.12 17:55 B D:\KapsulCVS\Doc\TechDoc\Plugins\Messages\KM_GETNAME.html --> ftp.kapsul-design.com /Doc/html/TechDoc/Plugins/Messages KM_GETNAME.html
2003.03.12 17:55 B D:\KapsulCVS\Doc\TechDoc\Plugins\Messages\KM_GETREADSUPPORT.html --> ftp.kapsul-design.com /Doc/html/TechDoc/Plugins/Messages KM_GETREADSUPPORT.html
2003.03.12 17:55 B D:\KapsulCVS\Doc\TechDoc\Plugins\Messages\KM_GETSECONDARYTYPE.html --> ftp.kapsul-design.com /Doc/html/TechDoc/Plugins/Messages KM_GETSECONDARYTYPE.html
2003.03.12 17:55 B D:\KapsulCVS\Doc\TechDoc\Plugins\Messages\KM_GETTYPE.html --> ftp.kapsul-design.com /Doc/html/TechDoc/Plugins/Messages KM_GETTYPE.html
2003.03.12 17:55 B D:\KapsulCVS\Doc\TechDoc\Plugins\Messages\KM_GETWRITESUPPORT.html --> ftp.kapsul-design.com /Doc/html/TechDoc/Plugins/Messages KM_GETWRITESUPPORT.html
2003.03.12 17:55 B D:\KapsulCVS\Doc\TechDoc\Plugins\Messages\KM_ISCREATING.html --> ftp.kapsul-design.com /Doc/html/TechDoc/Plugins/Messages KM_ISCREATING.html
2003.03.12 17:55 B D:\KapsulCVS\Doc\TechDoc\Plugins\Messages\KM_ISPROPERTY.html --> ftp.kapsul-design.com /Doc/html/TechDoc/Plugins/Messages KM_ISPROPERTY.html
2003.03.12 17:56 B D:\KapsulCVS\Doc\TechDoc\Plugins\Messages\KM_KEYDOWN.html --> ftp.kapsul-design.com /Doc/html/TechDoc/Plugins/Messages KM_KEYDOWN.html
2003.03.12 17:56 B D:\KapsulCVS\Doc\TechDoc\Plugins\Messages\KM_KEYUP.html --> ftp.kapsul-design.com /Doc/html/TechDoc/Plugins/Messages KM_KEYUP.html
2003.03.12 17:56 B D:\KapsulCVS\Doc\TechDoc\Plugins\Messages\KM_LMOUSEDOWN.html --> ftp.kapsul-design.com /Doc/html/TechDoc/Plugins/Messages KM_LMOUSEDOWN.html
2003.03.12 17:56 B D:\KapsulCVS\Doc\TechDoc\Plugins\Messages\KM_LMOUSEUP.html --> ftp.kapsul-design.com /Doc/html/TechDoc/Plugins/Messages KM_LMOUSEUP.html
2003.03.12 17:56 B D:\KapsulCVS\Doc\TechDoc\Plugins\Messages\KM_MOUSEMOVE.html --> ftp.kapsul-design.com /Doc/html/TechDoc/Plugins/Messages KM_MOUSEMOVE.html
2003.03.12 17:56 B D:\KapsulCVS\Doc\TechDoc\Plugins\Messages\KM_MOVEWINDOW.html --> ftp.kapsul-design.com /Doc/html/TechDoc/Plugins/Messages KM_MOVEWINDOW.html
2003.03.12 17:56 B D:\KapsulCVS\Doc\TechDoc\Plugins\Messages\KM_OPEN.html --> ftp.kapsul-design.com /Doc/html/TechDoc/Plugins/Messages KM_OPEN.html
2003.03.12 17:56 B D:\KapsulCVS\Doc\TechDoc\Plugins\Messages\KM_READFILE.html --> ftp.kapsul-design.com /Doc/html/TechDoc/Plugins/Messages KM_READFILE.html
2003.03.12 17:56 B D:\KapsulCVS\Doc\TechDoc\Plugins\Messages\KM_RMOUSEDOWN.html --> ftp.kapsul-design.com /Doc/html/TechDoc/Plugins/Messages KM_RMOUSEDOWN.html
2003.03.12 17:56 B D:\KapsulCVS\Doc\TechDoc\Plugins\Messages\KM_RMOUSEUP.html --> ftp.kapsul-design.com /Doc/html/TechDoc/Plugins/Messages KM_RMOUSEUP.html
2003.03.12 17:56 B D:\KapsulCVS\Doc\TechDoc\Plugins\Messages\KM_SAVEDESK.html --> ftp.kapsul-design.com /Doc/html/TechDoc/Plugins/Messages KM_SAVEDESK.html
2003.03.12 17:56 B D:\KapsulCVS\Doc\TechDoc\Plugins\Messages\KM_SETDESK.html --> ftp.kapsul-design.com /Doc/html/TechDoc/Plugins/Messages KM_SETDESK.html
2003.03.12 17:56 B D:\KapsulCVS\Doc\TechDoc\Plugins\Messages\KM_SETOBJECT.html --> ftp.kapsul-design.com /Doc/html/TechDoc/Plugins/Messages KM_SETOBJECT.html
2003.03.12 17:56 B D:\KapsulCVS\Doc\TechDoc\Plugins\Messages\KM_SETVIEW.html --> ftp.kapsul-design.com /Doc/html/TechDoc/Plugins/Messages KM_SETVIEW.html
2003.03.12 17:56 B D:\KapsulCVS\Doc\TechDoc\Plugins\Messages\KM_WRITEFILE.html --> ftp.kapsul-design.com /Doc/html/TechDoc/Plugins/Messages KM_WRITEFILE.html
2003.03.12 17:56 B D:\KapsulCVS\Doc\TechDoc\Plugins\Messages\WS_FTP.LOG --> ftp.kapsul-design.com /Doc/html/TechDoc/Plugins/Messages WS_FTP.LOG
