2001.11.10 22:37 B F:\tmpmaj\images\0.gif <-- kapsul.multimania.com /images 0.gif
2001.11.10 22:37 B F:\tmpmaj\images\1.gif <-- kapsul.multimania.com /images 1.gif
2001.11.10 22:37 B F:\tmpmaj\images\2.gif <-- kapsul.multimania.com /images 2.gif
2001.11.10 22:37 B F:\tmpmaj\images\3.gif <-- kapsul.multimania.com /images 3.gif
2001.11.10 22:37 B F:\tmpmaj\images\4.gif <-- kapsul.multimania.com /images 4.gif
2001.11.10 22:37 B F:\tmpmaj\images\5.gif <-- kapsul.multimania.com /images 5.gif
2001.11.10 22:37 B F:\tmpmaj\images\6.gif <-- kapsul.multimania.com /images 6.gif
2001.11.10 22:37 B F:\tmpmaj\images\7.gif <-- kapsul.multimania.com /images 7.gif
2001.11.10 22:37 B F:\tmpmaj\images\8.gif <-- kapsul.multimania.com /images 8.gif
2001.11.10 22:37 B F:\tmpmaj\images\9.gif <-- kapsul.multimania.com /images 9.gif
2001.11.10 22:37 B F:\tmpmaj\images\a.gif <-- kapsul.multimania.com /images a.gif
2001.11.10 22:37 B F:\tmpmaj\images\a9.gif <-- kapsul.multimania.com /images a9.gif
2001.11.10 22:37 B F:\tmpmaj\images\about.gif <-- kapsul.multimania.com /images about.gif
2001.11.10 22:37 B F:\tmpmaj\images\arrow.gif <-- kapsul.multimania.com /images arrow.gif
2001.11.10 22:37 B F:\tmpmaj\images\b5.gif <-- kapsul.multimania.com /images b5.gif
2001.11.10 22:37 B F:\tmpmaj\images\back.gif <-- kapsul.multimania.com /images back.gif
2001.11.10 22:37 B F:\tmpmaj\images\bandeau.gif <-- kapsul.multimania.com /images bandeau.gif
2001.11.10 22:37 B F:\tmpmaj\images\cat01.gif <-- kapsul.multimania.com /images cat01.gif
2001.11.10 22:37 B F:\tmpmaj\images\clouds.gif <-- kapsul.multimania.com /images clouds.gif
2001.11.10 22:37 B F:\tmpmaj\images\const.gif <-- kapsul.multimania.com /images const.gif
2001.11.10 22:37 B F:\tmpmaj\images\Cont_anm.gif <-- kapsul.multimania.com /images Cont_anm.gif
2001.11.10 22:37 B F:\tmpmaj\images\Countanm.gif <-- kapsul.multimania.com /images Countanm.gif
2001.11.10 22:37 B F:\tmpmaj\images\Disk_anm.gif <-- kapsul.multimania.com /images Disk_anm.gif
2001.11.10 22:37 B F:\tmpmaj\images\download.gif <-- kapsul.multimania.com /images download.gif
2001.11.10 22:37 B F:\tmpmaj\images\e-articles.gif <-- kapsul.multimania.com /images e-articles.gif
2001.11.10 22:37 B F:\tmpmaj\images\e-faq.gif <-- kapsul.multimania.com /images e-faq.gif
2001.11.10 22:37 B F:\tmpmaj\images\e-ie.gif <-- kapsul.multimania.com /images e-ie.gif
2001.11.10 22:38 B F:\tmpmaj\images\e-tips.gif <-- kapsul.multimania.com /images e-tips.gif
2001.11.10 22:38 B F:\tmpmaj\images\email.gif <-- kapsul.multimania.com /images email.gif
2001.11.10 22:38 B F:\tmpmaj\images\faq.gif <-- kapsul.multimania.com /images faq.gif
2001.11.10 22:38 B F:\tmpmaj\images\gears.gif <-- kapsul.multimania.com /images gears.gif
2001.11.10 22:38 B F:\tmpmaj\images\gfx.gif <-- kapsul.multimania.com /images gfx.gif
2001.11.10 22:38 B F:\tmpmaj\images\Hackanm.gif <-- kapsul.multimania.com /images Hackanm.gif
2001.11.10 22:38 B F:\tmpmaj\images\ico.gif <-- kapsul.multimania.com /images ico.gif
2001.11.10 22:38 B F:\tmpmaj\images\mail.gif <-- kapsul.multimania.com /images mail.gif
2001.11.10 22:38 B F:\tmpmaj\images\mailing.gif <-- kapsul.multimania.com /images mailing.gif
2001.11.10 22:38 B F:\tmpmaj\images\moua.gif <-- kapsul.multimania.com /images moua.gif
2001.11.10 22:38 B F:\tmpmaj\images\mov.gif <-- kapsul.multimania.com /images mov.gif
2001.11.10 22:38 B F:\tmpmaj\images\news.gif <-- kapsul.multimania.com /images news.gif
2001.11.10 22:38 B F:\tmpmaj\images\next.gif <-- kapsul.multimania.com /images next.gif
2001.11.10 22:38 B F:\tmpmaj\images\plugin.gif <-- kapsul.multimania.com /images plugin.gif
2001.11.10 22:38 B F:\tmpmaj\images\smiley.gif <-- kapsul.multimania.com /images smiley.gif
2001.11.10 22:38 B F:\tmpmaj\images\smiley2.gif <-- kapsul.multimania.com /images smiley2.gif
2001.11.10 22:38 B F:\tmpmaj\images\vborder.gif <-- kapsul.multimania.com /images vborder.gif
2001.11.10 22:38 B F:\tmpmaj\images\Wavanim.gif <-- kapsul.multimania.com /images Wavanim.gif
2001.11.10 22:38 B F:\tmpmaj\images\Win95anm.gif <-- kapsul.multimania.com /images Win95anm.gif
2003.03.12 17:48 B D:\KapsulCVS\Doc\KapsulRM\images\0.gif --> ftp.kapsul-design.com /Doc/html/KapsulRM/images 0.gif
2003.03.12 17:48 B D:\KapsulCVS\Doc\KapsulRM\images\1.gif --> ftp.kapsul-design.com /Doc/html/KapsulRM/images 1.gif
2003.03.12 17:48 B D:\KapsulCVS\Doc\KapsulRM\images\2.gif --> ftp.kapsul-design.com /Doc/html/KapsulRM/images 2.gif
2003.03.12 17:48 B D:\KapsulCVS\Doc\KapsulRM\images\3.gif --> ftp.kapsul-design.com /Doc/html/KapsulRM/images 3.gif
2003.03.12 17:48 B D:\KapsulCVS\Doc\KapsulRM\images\4.gif --> ftp.kapsul-design.com /Doc/html/KapsulRM/images 4.gif
2003.03.12 17:48 B D:\KapsulCVS\Doc\KapsulRM\images\5.gif --> ftp.kapsul-design.com /Doc/html/KapsulRM/images 5.gif
2003.03.12 17:48 B D:\KapsulCVS\Doc\KapsulRM\images\6.gif --> ftp.kapsul-design.com /Doc/html/KapsulRM/images 6.gif
2003.03.12 17:48 B D:\KapsulCVS\Doc\KapsulRM\images\7.gif --> ftp.kapsul-design.com /Doc/html/KapsulRM/images 7.gif
2003.03.12 17:48 B D:\KapsulCVS\Doc\KapsulRM\images\8.gif --> ftp.kapsul-design.com /Doc/html/KapsulRM/images 8.gif
2003.03.12 17:48 B D:\KapsulCVS\Doc\KapsulRM\images\9.gif --> ftp.kapsul-design.com /Doc/html/KapsulRM/images 9.gif
2003.03.12 17:48 B D:\KapsulCVS\Doc\KapsulRM\images\a.gif --> ftp.kapsul-design.com /Doc/html/KapsulRM/images a.gif
2003.03.12 17:48 B D:\KapsulCVS\Doc\KapsulRM\images\a9.gif --> ftp.kapsul-design.com /Doc/html/KapsulRM/images a9.gif
2003.03.12 17:48 B D:\KapsulCVS\Doc\KapsulRM\images\about.gif --> ftp.kapsul-design.com /Doc/html/KapsulRM/images about.gif
2003.03.12 17:48 B D:\KapsulCVS\Doc\KapsulRM\images\arrow.gif --> ftp.kapsul-design.com /Doc/html/KapsulRM/images arrow.gif
2003.03.12 17:48 B D:\KapsulCVS\Doc\KapsulRM\images\b5.gif --> ftp.kapsul-design.com /Doc/html/KapsulRM/images b5.gif
2003.03.12 17:48 B D:\KapsulCVS\Doc\KapsulRM\images\back.gif --> ftp.kapsul-design.com /Doc/html/KapsulRM/images back.gif
2003.03.12 17:48 B D:\KapsulCVS\Doc\KapsulRM\images\bandeau.gif --> ftp.kapsul-design.com /Doc/html/KapsulRM/images bandeau.gif
2003.03.12 17:48 B D:\KapsulCVS\Doc\KapsulRM\images\bandeau.jpg --> ftp.kapsul-design.com /Doc/html/KapsulRM/images bandeau.jpg
2003.03.12 17:48 B D:\KapsulCVS\Doc\KapsulRM\images\brownpic.gif --> ftp.kapsul-design.com /Doc/html/KapsulRM/images brownpic.gif
2003.03.12 17:48 B D:\KapsulCVS\Doc\KapsulRM\images\cat01.gif --> ftp.kapsul-design.com /Doc/html/KapsulRM/images cat01.gif
2003.03.12 17:48 B D:\KapsulCVS\Doc\KapsulRM\images\clouds.gif --> ftp.kapsul-design.com /Doc/html/KapsulRM/images clouds.gif
2003.03.12 17:48 B D:\KapsulCVS\Doc\KapsulRM\images\const.gif --> ftp.kapsul-design.com /Doc/html/KapsulRM/images const.gif
2003.03.12 17:48 B D:\KapsulCVS\Doc\KapsulRM\images\Cont_anm.gif --> ftp.kapsul-design.com /Doc/html/KapsulRM/images Cont_anm.gif
2003.03.12 17:49 B D:\KapsulCVS\Doc\KapsulRM\images\Countanm.gif --> ftp.kapsul-design.com /Doc/html/KapsulRM/images Countanm.gif
2003.03.12 17:49 B D:\KapsulCVS\Doc\KapsulRM\images\Disk_anm.gif --> ftp.kapsul-design.com /Doc/html/KapsulRM/images Disk_anm.gif
2003.03.12 17:49 B D:\KapsulCVS\Doc\KapsulRM\images\download.gif --> ftp.kapsul-design.com /Doc/html/KapsulRM/images download.gif
2003.03.12 17:49 B D:\KapsulCVS\Doc\KapsulRM\images\e-articles.gif --> ftp.kapsul-design.com /Doc/html/KapsulRM/images e-articles.gif
2003.03.12 17:49 B D:\KapsulCVS\Doc\KapsulRM\images\e-faq.gif --> ftp.kapsul-design.com /Doc/html/KapsulRM/images e-faq.gif
2003.03.12 17:49 B D:\KapsulCVS\Doc\KapsulRM\images\e-ie.gif --> ftp.kapsul-design.com /Doc/html/KapsulRM/images e-ie.gif
2003.03.12 17:49 B D:\KapsulCVS\Doc\KapsulRM\images\e-tips.gif --> ftp.kapsul-design.com /Doc/html/KapsulRM/images e-tips.gif
2003.03.12 17:49 B D:\KapsulCVS\Doc\KapsulRM\images\email.gif --> ftp.kapsul-design.com /Doc/html/KapsulRM/images email.gif
2003.03.12 17:49 B D:\KapsulCVS\Doc\KapsulRM\images\faq.gif --> ftp.kapsul-design.com /Doc/html/KapsulRM/images faq.gif
2003.03.12 17:49 B D:\KapsulCVS\Doc\KapsulRM\images\gears.gif --> ftp.kapsul-design.com /Doc/html/KapsulRM/images gears.gif
2003.03.12 17:49 B D:\KapsulCVS\Doc\KapsulRM\images\gfx.gif --> ftp.kapsul-design.com /Doc/html/KapsulRM/images gfx.gif
2003.03.12 17:49 B D:\KapsulCVS\Doc\KapsulRM\images\Hackanm.gif --> ftp.kapsul-design.com /Doc/html/KapsulRM/images Hackanm.gif
2003.03.12 17:49 B D:\KapsulCVS\Doc\KapsulRM\images\ico.gif --> ftp.kapsul-design.com /Doc/html/KapsulRM/images ico.gif
2003.03.12 17:49 B D:\KapsulCVS\Doc\KapsulRM\images\mail.gif --> ftp.kapsul-design.com /Doc/html/KapsulRM/images mail.gif
2003.03.12 17:49 B D:\KapsulCVS\Doc\KapsulRM\images\mailing.gif --> ftp.kapsul-design.com /Doc/html/KapsulRM/images mailing.gif
2003.03.12 17:49 B D:\KapsulCVS\Doc\KapsulRM\images\moua.gif --> ftp.kapsul-design.com /Doc/html/KapsulRM/images moua.gif
2003.03.12 17:49 B D:\KapsulCVS\Doc\KapsulRM\images\mov.gif --> ftp.kapsul-design.com /Doc/html/KapsulRM/images mov.gif
2003.03.12 17:49 B D:\KapsulCVS\Doc\KapsulRM\images\news.gif --> ftp.kapsul-design.com /Doc/html/KapsulRM/images news.gif
2003.03.12 17:50 B D:\KapsulCVS\Doc\KapsulRM\images\next.gif --> ftp.kapsul-design.com /Doc/html/KapsulRM/images next.gif
2003.03.12 17:50 B D:\KapsulCVS\Doc\KapsulRM\images\plugin.gif --> ftp.kapsul-design.com /Doc/html/KapsulRM/images plugin.gif
2003.03.12 17:50 B D:\KapsulCVS\Doc\KapsulRM\images\smiley.gif --> ftp.kapsul-design.com /Doc/html/KapsulRM/images smiley.gif
2003.03.12 17:50 B D:\KapsulCVS\Doc\KapsulRM\images\smiley2.gif --> ftp.kapsul-design.com /Doc/html/KapsulRM/images smiley2.gif
2003.03.12 17:50 B D:\KapsulCVS\Doc\KapsulRM\images\vborder.gif --> ftp.kapsul-design.com /Doc/html/KapsulRM/images vborder.gif
2003.03.12 17:50 B D:\KapsulCVS\Doc\KapsulRM\images\Wavanim.gif --> ftp.kapsul-design.com /Doc/html/KapsulRM/images Wavanim.gif
2003.03.12 17:50 B D:\KapsulCVS\Doc\KapsulRM\images\Win95anm.gif --> ftp.kapsul-design.com /Doc/html/KapsulRM/images Win95anm.gif
2003.03.12 17:50 B D:\KapsulCVS\Doc\KapsulRM\images\WS_FTP.LOG --> ftp.kapsul-design.com /Doc/html/KapsulRM/images WS_FTP.LOG
